<?xml version="1.0" encoding="utf-8"?><testsuites name="pytest tests"><testsuite name="pytest" errors="0" failures="0" skipped="0" tests="27" time="1.037" timestamp="2026-05-10T16:57:36.860018-03:00" hostname="DESKTOP-65MB3GA"><testcase classname="tests.test_filme_service" name="test_get_all_retorna_lista" time="0.016" /><testcase classname="tests.test_filme_service" name="test_get_all_respeita_skip_e_limit" time="0.006" /><testcase classname="tests.test_filme_service" name="test_get_existente" time="0.010" /><testcase classname="tests.test_filme_service" name="test_get_inexistente" time="0.004" /><testcase classname="tests.test_filme_service" name="test_create_inicializa_copias_disponiveis" time="0.015" /><testcase classname="tests.test_filme_service" name="test_update_existente" time="0.009" /><testcase classname="tests.test_filme_service" name="test_update_inexistente" time="0.006" /><testcase classname="tests.test_filme_service" name="test_delete_existente" time="0.008" /><testcase classname="tests.test_filme_service" name="test_delete_inexistente" time="0.005" /><testcase classname="tests.test_filme_service" name="test_search_por_titulo" time="0.009" /><testcase classname="tests.test_filme_service" name="test_search_por_genero" time="0.008" /><testcase classname="tests.test_filme_service" name="test_search_sem_filtros" time="0.011" /><testcase classname="tests.test_filme_service" name="test_update_inventario_alugar_decrementa" time="0.008" /><testcase classname="tests.test_filme_service" name="test_update_inventario_alugar_sem_copias_levanta_erro" time="0.009" /><testcase classname="tests.test_filme_service" name="test_update_inventario_devolver_incrementa" time="0.012" /><testcase classname="tests.test_filme_service" name="test_update_inventario_devolver_inventario_cheio_levanta_erro" time="0.010" /><testcase classname="tests.test_filme_service" name="test_update_inventario_acao_invalida" time="0.010" /><testcase classname="tests.test_filme_service" name="test_update_inventario_filme_inexistente" time="0.006" /><testcase classname="tests.test_review_service" name="test_get_reviews_for_filme_retorna_lista" time="0.011" /><testcase classname="tests.test_review_service" name="test_get_reviews_for_filme_sem_reviews" time="0.005" /><testcase classname="tests.test_review_service" name="test_get_existente" time="0.010" /><testcase classname="tests.test_review_service" name="test_get_inexistente" time="0.006" /><testcase classname="tests.test_review_service" name="test_create_associa_usuario_id" time="0.005" /><testcase classname="tests.test_review_service" name="test_update_existente" time="0.010" /><testcase classname="tests.test_review_service" name="test_update_inexistente" time="0.006" /><testcase classname="tests.test_review_service" name="test_delete_existente" time="0.007" /><testcase classname="tests.test_review_service" name="test_delete_inexistente" time="0.006" /></testsuite></testsuites>